
  .   ____          _            __ _ _
 /\\ / ___'_ __ _ _(_)_ __  __ _ \ \ \ \
( ( )\___ | '_ | '_| | '_ \/ _` | \ \ \ \
 \\/  ___)| |_)| | | | | || (_| |  ) ) ) )
  '  |____| .__|_| |_|_| |_\__, | / / / /
 =========|_|==============|___/=/_/_/_/
 :: Spring Boot ::               (v2.7.18)

2025-03-27 18:39:34 - Starting application using Java 1.8.0_312 on localhost.localdomain with PID 61730 (started by root in /root/nft-whale-tracker)
 2025-03-27 18:39:34 - No active profile set, falling back to 1 default profile: "default"
 2025-03-27 18:39:35 - Started application in 1.62 seconds (JVM running for 4.328)
 2025-03-27 18:39:35 - 启动NFT数据生成器应用...
 2025-03-27 18:39:35 - 配置: Kafka=192.168.254.133:9092, Topic=NFT_TRANSACTIONS, 连续模式=true, 间隔=1000ms
 2025-03-27 18:39:35 - ProducerConfig values: 
	acks = -1
	auto.include.jmx.reporter = true
	batch.size = 16384
	bootstrap.servers = [192.168.254.133:9092]
	buffer.memory = 33554432
	client.dns.lookup = use_all_dns_ips
	client.id = producer-1
	compression.type = none
	connections.max.idle.ms = 540000
	delivery.timeout.ms = 120000
	enable.idempotence = true
	interceptor.classes = []
	key.serializer = class org.apache.kafka.common.serialization.StringSerializer
	linger.ms = 0
	max.block.ms = 3000
	max.in.flight.requests.per.connection = 5
	max.request.size = 1048576
	metadata.max.age.ms = 300000
	metadata.max.idle.ms = 300000
	metric.reporters = []
	metrics.num.samples = 2
	metrics.recording.level = INFO
	metrics.sample.window.ms = 30000
	partitioner.adaptive.partitioning.enable = true
	partitioner.availability.timeout.ms = 0
	partitioner.class = null
	partitioner.ignore.keys = false
	receive.buffer.bytes = 32768
	reconnect.backoff.max.ms = 1000
	reconnect.backoff.ms = 50
	request.timeout.ms = 30000
	retries = 3
	retry.backoff.ms = 100
	sasl.client.callback.handler.class = null
	sasl.jaas.config = null
	sasl.kerberos.kinit.cmd = /usr/bin/kinit
	sasl.kerberos.min.time.before.relogin = 60000
	sasl.kerberos.service.name = null
	sasl.kerberos.ticket.renew.jitter = 0.05
	sasl.kerberos.ticket.renew.window.factor = 0.8
	sasl.login.callback.handler.class = null
	sasl.login.class = null
	sasl.login.connect.timeout.ms = null
	sasl.login.read.timeout.ms = null
	sasl.login.refresh.buffer.seconds = 300
	sasl.login.refresh.min.period.seconds = 60
	sasl.login.refresh.window.factor = 0.8
	sasl.login.refresh.window.jitter = 0.05
	sasl.login.retry.backoff.max.ms = 10000
	sasl.login.retry.backoff.ms = 100
	sasl.mechanism = GSSAPI
	sasl.oauthbearer.clock.skew.seconds = 30
	sasl.oauthbearer.expected.audience = null
	sasl.oauthbearer.expected.issuer = null
	sasl.oauthbearer.jwks.endpoint.refresh.ms = 3600000
	sasl.oauthbearer.jwks.endpoint.retry.backoff.max.ms = 10000
	sasl.oauthbearer.jwks.endpoint.retry.backoff.ms = 100
	sasl.oauthbearer.jwks.endpoint.url = null
	sasl.oauthbearer.scope.claim.name = scope
	sasl.oauthbearer.sub.claim.name = sub
	sasl.oauthbearer.token.endpoint.url = null
	security.protocol = PLAINTEXT
	security.providers = null
	send.buffer.bytes = 131072
	socket.connection.setup.timeout.max.ms = 30000
	socket.connection.setup.timeout.ms = 10000
	ssl.cipher.suites = null
	ssl.enabled.protocols = [TLSv1.2]
	ssl.endpoint.identification.algorithm = https
	ssl.engine.factory.class = null
	ssl.key.password = null
	ssl.keymanager.algorithm = SunX509
	ssl.keystore.certificate.chain = null
	ssl.keystore.key = null
	ssl.keystore.location = null
	ssl.keystore.password = null
	ssl.keystore.type = JKS
	ssl.protocol = TLSv1.2
	ssl.provider = null
	ssl.secure.random.implementation = null
	ssl.trustmanager.algorithm = PKIX
	ssl.truststore.certificates = null
	ssl.truststore.location = null
	ssl.truststore.password = null
	ssl.truststore.type = JKS
	transaction.timeout.ms = 60000
	transactional.id = null
	value.serializer = class org.apache.kafka.common.serialization.StringSerializer

 2025-03-27 18:39:35 - [Producer clientId=producer-1] Instantiated an idempotent producer.
 2025-03-27 18:39:35 - Kafka version: 3.6.1
 2025-03-27 18:39:35 - Kafka commitId: 5e3c2b738d253ff5
 2025-03-27 18:39:35 - Kafka startTimeMs: 1743071975902
 2025-03-27 18:39:36 - [Producer clientId=producer-1] Cluster ID: iTa6K-m8S4KoErNXodFrSQ
 2025-03-27 18:39:36 - 成功连接到Kafka: 192.168.254.133:9092
 2025-03-27 18:39:36 - 生成初始NFT数据...
 2025-03-27 18:39:36 - 开始生成NFT数据: 10 个收藏集, 每个收藏集 100 个NFT, 1000 个交易
 2025-03-27 18:39:36 - 数据生成完成: 收藏集=10, NFTs=1000, 交易=1000, 鲸鱼钱包=797, 提醒=175
 2025-03-27 18:39:36 - 启动连续数据生成模式...
 2025-03-27 18:39:36 - [Producer clientId=producer-1] ProducerId set to 14000 with epoch 0
 2025-03-27 18:39:37 - 消息发送到分区 0 偏移量 1217
 2025-03-27 18:39:37 - 消息发送到分区 0 偏移量 1218
 2025-03-27 18:39:38 - 消息发送到分区 0 偏移量 1219
 2025-03-27 18:39:39 - 消息发送到分区 0 偏移量 1220
 2025-03-27 18:39:40 - 消息发送到分区 0 偏移量 1221
 2025-03-27 18:39:41 - 消息发送到分区 0 偏移量 1222
 2025-03-27 18:39:42 - 消息发送到分区 0 偏移量 1223
 2025-03-27 18:39:43 - 消息发送到分区 0 偏移量 1224
 2025-03-27 18:39:44 - 消息发送到分区 0 偏移量 1225
 2025-03-27 18:39:45 - 消息发送到分区 0 偏移量 1226
 2025-03-27 18:39:46 - 消息发送到分区 0 偏移量 1227
 2025-03-27 18:39:47 - 消息发送到分区 0 偏移量 1228
 2025-03-27 18:39:48 - 消息发送到分区 0 偏移量 1229
 2025-03-27 18:39:49 - 消息发送到分区 0 偏移量 1230
 2025-03-27 18:39:50 - 消息发送到分区 0 偏移量 1231
 2025-03-27 18:39:51 - 消息发送到分区 0 偏移量 1232
 2025-03-27 18:39:52 - 消息发送到分区 0 偏移量 1233
 2025-03-27 18:39:53 - 消息发送到分区 0 偏移量 1234
 2025-03-27 18:39:54 - 消息发送到分区 0 偏移量 1235
 2025-03-27 18:39:55 - 消息发送到分区 0 偏移量 1236
 2025-03-27 18:39:56 - 消息发送到分区 0 偏移量 1237
 2025-03-27 18:39:57 - 消息发送到分区 0 偏移量 1238
 2025-03-27 18:39:58 - 消息发送到分区 0 偏移量 1239
 2025-03-27 18:39:59 - 消息发送到分区 0 偏移量 1240
 2025-03-27 18:40:00 - 消息发送到分区 0 偏移量 1241
 2025-03-27 18:40:01 - 消息发送到分区 0 偏移量 1242
 2025-03-27 18:40:02 - 消息发送到分区 0 偏移量 1243
 2025-03-27 18:40:03 - 消息发送到分区 0 偏移量 1244
 2025-03-27 18:40:04 - 消息发送到分区 0 偏移量 1245
 2025-03-27 18:40:05 - 消息发送到分区 0 偏移量 1246
 2025-03-27 18:40:06 - 消息发送到分区 0 偏移量 1247
 2025-03-27 18:40:07 - 消息发送到分区 0 偏移量 1248
 2025-03-27 18:40:08 - 消息发送到分区 0 偏移量 1249
 2025-03-27 18:40:09 - 消息发送到分区 0 偏移量 1250
 2025-03-27 18:40:10 - 消息发送到分区 0 偏移量 1251
 2025-03-27 18:40:11 - 消息发送到分区 0 偏移量 1252
 2025-03-27 18:40:12 - 消息发送到分区 0 偏移量 1253
 2025-03-27 18:40:13 - 消息发送到分区 0 偏移量 1254
 2025-03-27 18:40:14 - 消息发送到分区 0 偏移量 1255
 2025-03-27 18:40:15 - 消息发送到分区 0 偏移量 1256
 2025-03-27 18:40:16 - 消息发送到分区 0 偏移量 1257
 2025-03-27 18:40:17 - 消息发送到分区 0 偏移量 1258
 2025-03-27 18:40:18 - 消息发送到分区 0 偏移量 1259
 2025-03-27 18:40:19 - 消息发送到分区 0 偏移量 1260
 2025-03-27 18:40:20 - 消息发送到分区 0 偏移量 1261
 2025-03-27 18:40:21 - 消息发送到分区 0 偏移量 1262
 2025-03-27 18:40:22 - 消息发送到分区 0 偏移量 1263
 2025-03-27 18:40:23 - 消息发送到分区 0 偏移量 1264
 2025-03-27 18:40:24 - 消息发送到分区 0 偏移量 1265
 2025-03-27 18:40:25 - 消息发送到分区 0 偏移量 1266
 2025-03-27 18:40:26 - 消息发送到分区 0 偏移量 1267
 2025-03-27 18:40:27 - 消息发送到分区 0 偏移量 1268
 2025-03-27 18:40:28 - 消息发送到分区 0 偏移量 1269
 2025-03-27 18:40:29 - 消息发送到分区 0 偏移量 1270
 2025-03-27 18:40:30 - 消息发送到分区 0 偏移量 1271
 2025-03-27 18:40:31 - 消息发送到分区 0 偏移量 1272
 2025-03-27 18:40:32 - 消息发送到分区 0 偏移量 1273
 2025-03-27 18:40:33 - 消息发送到分区 0 偏移量 1274
 2025-03-27 18:40:34 - 消息发送到分区 0 偏移量 1275
 2025-03-27 18:40:35 - 消息发送到分区 0 偏移量 1276
 2025-03-27 18:40:36 - 消息发送到分区 0 偏移量 1277
 2025-03-27 18:40:37 - 消息发送到分区 0 偏移量 1278
 2025-03-27 18:40:38 - 消息发送到分区 0 偏移量 1279
 2025-03-27 18:40:39 - 消息发送到分区 0 偏移量 1280
 2025-03-27 18:40:40 - 消息发送到分区 0 偏移量 1281
 2025-03-27 18:40:41 - 消息发送到分区 0 偏移量 1282
 2025-03-27 18:40:42 - 消息发送到分区 0 偏移量 1283
 2025-03-27 18:40:43 - 消息发送到分区 0 偏移量 1284
 2025-03-27 18:40:44 - 消息发送到分区 0 偏移量 1285
 2025-03-27 18:40:45 - 消息发送到分区 0 偏移量 1286
 2025-03-27 18:40:46 - 消息发送到分区 0 偏移量 1287
 2025-03-27 18:40:47 - 消息发送到分区 0 偏移量 1288
 2025-03-27 18:40:48 - 消息发送到分区 0 偏移量 1289
 2025-03-27 18:40:49 - 消息发送到分区 0 偏移量 1290
 2025-03-27 18:40:50 - 消息发送到分区 0 偏移量 1291
 2025-03-27 18:40:51 - 消息发送到分区 0 偏移量 1292
 2025-03-27 18:40:52 - 消息发送到分区 0 偏移量 1293
 2025-03-27 18:40:53 - 消息发送到分区 0 偏移量 1294
 2025-03-27 18:40:54 - 消息发送到分区 0 偏移量 1295
 2025-03-27 18:40:55 - 消息发送到分区 0 偏移量 1296
 2025-03-27 18:40:56 - 消息发送到分区 0 偏移量 1297
 2025-03-27 18:40:57 - 消息发送到分区 0 偏移量 1298
 2025-03-27 18:40:58 - 消息发送到分区 0 偏移量 1299
 2025-03-27 18:40:59 - 消息发送到分区 0 偏移量 1300
 2025-03-27 18:41:00 - 消息发送到分区 0 偏移量 1301
 2025-03-27 18:41:01 - 消息发送到分区 0 偏移量 1302
 2025-03-27 18:41:02 - 消息发送到分区 0 偏移量 1303
 2025-03-27 18:41:03 - 消息发送到分区 0 偏移量 1304
 2025-03-27 18:41:04 - 消息发送到分区 0 偏移量 1305
 2025-03-27 18:41:05 - 消息发送到分区 0 偏移量 1306
 2025-03-27 18:41:06 - 消息发送到分区 0 偏移量 1307
 2025-03-27 18:41:07 - 消息发送到分区 0 偏移量 1308
 2025-03-27 18:41:08 - 消息发送到分区 0 偏移量 1309
 2025-03-27 18:41:09 - 消息发送到分区 0 偏移量 1310
 2025-03-27 18:41:10 - 消息发送到分区 0 偏移量 1311
 2025-03-27 18:41:11 - 消息发送到分区 0 偏移量 1312
 2025-03-27 18:41:12 - 消息发送到分区 0 偏移量 1313
 2025-03-27 18:41:13 - 消息发送到分区 0 偏移量 1314
 2025-03-27 18:41:14 - 消息发送到分区 0 偏移量 1315
 2025-03-27 18:41:15 - 消息发送到分区 0 偏移量 1316
 2025-03-27 18:41:16 - 消息发送到分区 0 偏移量 1317
 2025-03-27 18:41:17 - 消息发送到分区 0 偏移量 1318
 2025-03-27 18:41:18 - 消息发送到分区 0 偏移量 1319
 2025-03-27 18:41:19 - 消息发送到分区 0 偏移量 1320
 2025-03-27 18:41:20 - 消息发送到分区 0 偏移量 1321
 2025-03-27 18:41:21 - 消息发送到分区 0 偏移量 1322
 2025-03-27 18:41:22 - 消息发送到分区 0 偏移量 1323
 2025-03-27 18:41:23 - 消息发送到分区 0 偏移量 1324
 2025-03-27 18:41:24 - 消息发送到分区 0 偏移量 1325
 2025-03-27 18:41:25 - 消息发送到分区 0 偏移量 1326
 2025-03-27 18:41:26 - 消息发送到分区 0 偏移量 1327
 2025-03-27 18:41:27 - 消息发送到分区 0 偏移量 1328
 2025-03-27 18:41:28 - 消息发送到分区 0 偏移量 1329
 2025-03-27 18:41:29 - 消息发送到分区 0 偏移量 1330
 2025-03-27 18:41:30 - 消息发送到分区 0 偏移量 1331
 2025-03-27 18:41:31 - 消息发送到分区 0 偏移量 1332
 2025-03-27 18:41:32 - 消息发送到分区 0 偏移量 1333
 2025-03-27 18:41:33 - 消息发送到分区 0 偏移量 1334
 2025-03-27 18:41:34 - 消息发送到分区 0 偏移量 1335
 2025-03-27 18:41:35 - 消息发送到分区 0 偏移量 1336
 2025-03-27 18:41:36 - 消息发送到分区 0 偏移量 1337
 2025-03-27 18:41:37 - 消息发送到分区 0 偏移量 1338
 2025-03-27 18:41:38 - 消息发送到分区 0 偏移量 1339
 2025-03-27 18:41:39 - 消息发送到分区 0 偏移量 1340
 2025-03-27 18:41:40 - 消息发送到分区 0 偏移量 1341
 2025-03-27 18:41:41 - 消息发送到分区 0 偏移量 1342
 2025-03-27 18:41:42 - 消息发送到分区 0 偏移量 1343
 2025-03-27 18:41:43 - 消息发送到分区 0 偏移量 1344
 2025-03-27 18:41:44 - 消息发送到分区 0 偏移量 1345
 2025-03-27 18:41:45 - 消息发送到分区 0 偏移量 1346
 2025-03-27 18:41:46 - 消息发送到分区 0 偏移量 1347
 2025-03-27 18:41:47 - 消息发送到分区 0 偏移量 1348
 2025-03-27 18:41:48 - 消息发送到分区 0 偏移量 1349
 2025-03-27 18:41:49 - 消息发送到分区 0 偏移量 1350
 2025-03-27 18:41:50 - 消息发送到分区 0 偏移量 1351
 2025-03-27 18:41:51 - 消息发送到分区 0 偏移量 1352
 2025-03-27 18:41:52 - 消息发送到分区 0 偏移量 1353
 2025-03-27 18:41:53 - 消息发送到分区 0 偏移量 1354
 2025-03-27 18:41:54 - 消息发送到分区 0 偏移量 1355
 2025-03-27 18:41:55 - 消息发送到分区 0 偏移量 1356
 2025-03-27 18:41:56 - 消息发送到分区 0 偏移量 1357
 2025-03-27 18:41:57 - 消息发送到分区 0 偏移量 1358
 2025-03-27 18:41:58 - 消息发送到分区 0 偏移量 1359
 2025-03-27 18:41:59 - 消息发送到分区 0 偏移量 1360
 2025-03-27 18:42:00 - 消息发送到分区 0 偏移量 1361
 2025-03-27 18:42:01 - 消息发送到分区 0 偏移量 1362
 2025-03-27 18:42:02 - 消息发送到分区 0 偏移量 1363
 2025-03-27 18:42:03 - 消息发送到分区 0 偏移量 1364
 2025-03-27 18:42:04 - 消息发送到分区 0 偏移量 1365
 2025-03-27 18:42:05 - 消息发送到分区 0 偏移量 1366
 2025-03-27 18:42:06 - 消息发送到分区 0 偏移量 1367
 2025-03-27 18:42:07 - 消息发送到分区 0 偏移量 1368
 2025-03-27 18:42:08 - 消息发送到分区 0 偏移量 1369
 2025-03-27 18:42:09 - 消息发送到分区 0 偏移量 1370
 2025-03-27 18:42:10 - 消息发送到分区 0 偏移量 1371
 2025-03-27 18:42:11 - 消息发送到分区 0 偏移量 1372
 2025-03-27 18:42:12 - 消息发送到分区 0 偏移量 1373
 2025-03-27 18:42:13 - 消息发送到分区 0 偏移量 1374
 2025-03-27 18:42:14 - 消息发送到分区 0 偏移量 1375
 2025-03-27 18:42:15 - 消息发送到分区 0 偏移量 1376
 2025-03-27 18:42:16 - 消息发送到分区 0 偏移量 1377
 2025-03-27 18:42:17 - 消息发送到分区 0 偏移量 1378
 2025-03-27 18:42:18 - 消息发送到分区 0 偏移量 1379
 2025-03-27 18:42:19 - 消息发送到分区 0 偏移量 1380
 2025-03-27 18:42:20 - 消息发送到分区 0 偏移量 1381
 2025-03-27 18:42:21 - 消息发送到分区 0 偏移量 1382
 2025-03-27 18:42:22 - 消息发送到分区 0 偏移量 1383
 2025-03-27 18:42:23 - 消息发送到分区 0 偏移量 1384
 2025-03-27 18:42:24 - 消息发送到分区 0 偏移量 1385
 2025-03-27 18:42:25 - 消息发送到分区 0 偏移量 1386
 2025-03-27 18:42:26 - 消息发送到分区 0 偏移量 1387
 2025-03-27 18:42:27 - 消息发送到分区 0 偏移量 1388
 2025-03-27 18:42:28 - 消息发送到分区 0 偏移量 1389
 2025-03-27 18:42:29 - 消息发送到分区 0 偏移量 1390
 2025-03-27 18:42:30 - 消息发送到分区 0 偏移量 1391
 2025-03-27 18:42:31 - 消息发送到分区 0 偏移量 1392
 2025-03-27 18:42:32 - 消息发送到分区 0 偏移量 1393
 2025-03-27 18:42:33 - 消息发送到分区 0 偏移量 1394
 2025-03-27 18:42:34 - 消息发送到分区 0 偏移量 1395
 2025-03-27 18:42:35 - 消息发送到分区 0 偏移量 1396
 2025-03-27 18:42:36 - 消息发送到分区 0 偏移量 1397
 2025-03-27 18:42:37 - 消息发送到分区 0 偏移量 1398
 2025-03-27 18:42:38 - 消息发送到分区 0 偏移量 1399
 2025-03-27 18:42:39 - 消息发送到分区 0 偏移量 1400
 2025-03-27 18:42:40 - 消息发送到分区 0 偏移量 1401
 2025-03-27 18:42:41 - 消息发送到分区 0 偏移量 1402
 2025-03-27 18:42:42 - 消息发送到分区 0 偏移量 1403
 2025-03-27 18:42:43 - 消息发送到分区 0 偏移量 1404
 2025-03-27 18:42:44 - 消息发送到分区 0 偏移量 1405
 2025-03-27 18:42:45 - 消息发送到分区 0 偏移量 1406
 2025-03-27 18:42:46 - 消息发送到分区 0 偏移量 1407
 2025-03-27 18:42:47 - 消息发送到分区 0 偏移量 1408
 2025-03-27 18:42:48 - 消息发送到分区 0 偏移量 1409
 2025-03-27 18:42:49 - 消息发送到分区 0 偏移量 1410
 2025-03-27 18:42:50 - 消息发送到分区 0 偏移量 1411
 2025-03-27 18:42:51 - 消息发送到分区 0 偏移量 1412
 2025-03-27 18:42:52 - 消息发送到分区 0 偏移量 1413
 2025-03-27 18:42:53 - 消息发送到分区 0 偏移量 1414
 2025-03-27 18:42:54 - 消息发送到分区 0 偏移量 1415
 2025-03-27 18:42:55 - 消息发送到分区 0 偏移量 1416
 2025-03-27 18:42:56 - 消息发送到分区 0 偏移量 1417
 2025-03-27 18:42:57 - 消息发送到分区 0 偏移量 1418
 2025-03-27 18:42:58 - 消息发送到分区 0 偏移量 1419
 2025-03-27 18:42:59 - 消息发送到分区 0 偏移量 1420
 2025-03-27 18:43:00 - 消息发送到分区 0 偏移量 1421
 2025-03-27 18:43:01 - 消息发送到分区 0 偏移量 1422
 2025-03-27 18:43:02 - 消息发送到分区 0 偏移量 1423
 2025-03-27 18:43:03 - 消息发送到分区 0 偏移量 1424
 2025-03-27 18:43:04 - 消息发送到分区 0 偏移量 1425
 2025-03-27 18:43:05 - 消息发送到分区 0 偏移量 1426
 2025-03-27 18:43:06 - 消息发送到分区 0 偏移量 1427
 2025-03-27 18:43:07 - 消息发送到分区 0 偏移量 1428
 2025-03-27 18:43:08 - 消息发送到分区 0 偏移量 1429
 2025-03-27 18:43:09 - 消息发送到分区 0 偏移量 1430
 2025-03-27 18:43:10 - 消息发送到分区 0 偏移量 1431
 2025-03-27 18:43:11 - 消息发送到分区 0 偏移量 1432
 2025-03-27 18:43:12 - 消息发送到分区 0 偏移量 1433
 2025-03-27 18:43:13 - 消息发送到分区 0 偏移量 1434
 2025-03-27 18:43:14 - 消息发送到分区 0 偏移量 1435
 2025-03-27 18:43:15 - 消息发送到分区 0 偏移量 1436
 2025-03-27 18:43:16 - 消息发送到分区 0 偏移量 1437
 2025-03-27 18:43:17 - 消息发送到分区 0 偏移量 1438
 2025-03-27 18:43:18 - 消息发送到分区 0 偏移量 1439
 2025-03-27 18:43:19 - 消息发送到分区 0 偏移量 1440
 2025-03-27 18:43:20 - 消息发送到分区 0 偏移量 1441
 2025-03-27 18:43:21 - 消息发送到分区 0 偏移量 1442
 2025-03-27 18:43:22 - 消息发送到分区 0 偏移量 1443
 2025-03-27 18:43:23 - 消息发送到分区 0 偏移量 1444
 2025-03-27 18:43:24 - 消息发送到分区 0 偏移量 1445
 2025-03-27 18:43:25 - 消息发送到分区 0 偏移量 1446
 2025-03-27 18:43:26 - 消息发送到分区 0 偏移量 1447
 2025-03-27 18:43:27 - 消息发送到分区 0 偏移量 1448
 2025-03-27 18:43:28 - 消息发送到分区 0 偏移量 1449
 2025-03-27 18:43:29 - 消息发送到分区 0 偏移量 1450
 2025-03-27 18:43:30 - 消息发送到分区 0 偏移量 1451
 2025-03-27 18:43:31 - 消息发送到分区 0 偏移量 1452
 2025-03-27 18:43:32 - 消息发送到分区 0 偏移量 1453
 2025-03-27 18:43:33 - 消息发送到分区 0 偏移量 1454
 2025-03-27 18:43:34 - 消息发送到分区 0 偏移量 1455
 2025-03-27 18:43:35 - 消息发送到分区 0 偏移量 1456
 2025-03-27 18:43:36 - 消息发送到分区 0 偏移量 1457
 2025-03-27 18:43:37 - 消息发送到分区 0 偏移量 1458
 2025-03-27 18:43:38 - 消息发送到分区 0 偏移量 1459
 2025-03-27 18:43:39 - 消息发送到分区 0 偏移量 1460
 2025-03-27 18:43:40 - 消息发送到分区 0 偏移量 1461
 2025-03-27 18:43:41 - 消息发送到分区 0 偏移量 1462
 2025-03-27 18:43:42 - 消息发送到分区 0 偏移量 1463
 2025-03-27 18:43:43 - 消息发送到分区 0 偏移量 1464
 2025-03-27 18:43:44 - 消息发送到分区 0 偏移量 1465
 2025-03-27 18:43:45 - 消息发送到分区 0 偏移量 1466
 2025-03-27 18:43:46 - 消息发送到分区 0 偏移量 1467
 2025-03-27 18:43:47 - 消息发送到分区 0 偏移量 1468
 2025-03-27 18:43:48 - 消息发送到分区 0 偏移量 1469
 2025-03-27 18:43:49 - 消息发送到分区 0 偏移量 1470
 2025-03-27 18:43:50 - 消息发送到分区 0 偏移量 1471
 2025-03-27 18:43:51 - 消息发送到分区 0 偏移量 1472
 2025-03-27 18:43:52 - 消息发送到分区 0 偏移量 1473
 2025-03-27 18:43:53 - 消息发送到分区 0 偏移量 1474
 2025-03-27 18:43:54 - 消息发送到分区 0 偏移量 1475
 2025-03-27 18:43:55 - 消息发送到分区 0 偏移量 1476
 2025-03-27 18:43:56 - 消息发送到分区 0 偏移量 1477
 2025-03-27 18:43:57 - 消息发送到分区 0 偏移量 1478
 2025-03-27 18:43:58 - 消息发送到分区 0 偏移量 1479
 2025-03-27 18:43:59 - 消息发送到分区 0 偏移量 1480
 2025-03-27 18:44:00 - 消息发送到分区 0 偏移量 1481
 2025-03-27 18:44:01 - 消息发送到分区 0 偏移量 1482
 2025-03-27 18:44:02 - 消息发送到分区 0 偏移量 1483
 2025-03-27 18:44:03 - 消息发送到分区 0 偏移量 1484
 2025-03-27 18:44:04 - 消息发送到分区 0 偏移量 1485
 2025-03-27 18:44:05 - 消息发送到分区 0 偏移量 1486
 2025-03-27 18:44:06 - 消息发送到分区 0 偏移量 1487
 2025-03-27 18:44:07 - 消息发送到分区 0 偏移量 1488
 2025-03-27 18:44:08 - 消息发送到分区 0 偏移量 1489
 2025-03-27 18:44:09 - 消息发送到分区 0 偏移量 1490
 2025-03-27 18:44:10 - 消息发送到分区 0 偏移量 1491
 2025-03-27 18:44:11 - 消息发送到分区 0 偏移量 1492
 2025-03-27 18:44:12 - 消息发送到分区 0 偏移量 1493
 2025-03-27 18:44:13 - 消息发送到分区 0 偏移量 1494
 2025-03-27 18:44:14 - 消息发送到分区 0 偏移量 1495
 2025-03-27 18:44:15 - 消息发送到分区 0 偏移量 1496
 2025-03-27 18:44:16 - 消息发送到分区 0 偏移量 1497
 2025-03-27 18:44:17 - 消息发送到分区 0 偏移量 1498
 2025-03-27 18:44:18 - 消息发送到分区 0 偏移量 1499
 2025-03-27 18:44:19 - 消息发送到分区 0 偏移量 1500
 2025-03-27 18:44:20 - 消息发送到分区 0 偏移量 1501
 2025-03-27 18:44:21 - 消息发送到分区 0 偏移量 1502
 2025-03-27 18:44:22 - 消息发送到分区 0 偏移量 1503
 2025-03-27 18:44:23 - 消息发送到分区 0 偏移量 1504
 2025-03-27 18:44:24 - 消息发送到分区 0 偏移量 1505
 2025-03-27 18:44:25 - 消息发送到分区 0 偏移量 1506
 2025-03-27 18:44:26 - 消息发送到分区 0 偏移量 1507
 2025-03-27 18:44:27 - 消息发送到分区 0 偏移量 1508
 2025-03-27 18:44:28 - 消息发送到分区 0 偏移量 1509
 2025-03-27 18:44:29 - 消息发送到分区 0 偏移量 1510
 2025-03-27 18:44:30 - 消息发送到分区 0 偏移量 1511
 2025-03-27 18:44:31 - 消息发送到分区 0 偏移量 1512
 2025-03-27 18:44:32 - 消息发送到分区 0 偏移量 1513
 2025-03-27 18:44:33 - 消息发送到分区 0 偏移量 1514
 2025-03-27 18:44:34 - 消息发送到分区 0 偏移量 1515
 2025-03-27 18:44:35 - 消息发送到分区 0 偏移量 1516
 2025-03-27 18:44:36 - 消息发送到分区 0 偏移量 1517
 2025-03-27 18:44:37 - 消息发送到分区 0 偏移量 1518
 2025-03-27 18:44:38 - 消息发送到分区 0 偏移量 1519
 2025-03-27 18:44:39 - 消息发送到分区 0 偏移量 1520
 2025-03-27 18:44:40 - 消息发送到分区 0 偏移量 1521
 2025-03-27 18:44:41 - 消息发送到分区 0 偏移量 1522
 2025-03-27 18:44:42 - 消息发送到分区 0 偏移量 1523
 2025-03-27 18:44:43 - 消息发送到分区 0 偏移量 1524
 2025-03-27 18:44:44 - 消息发送到分区 0 偏移量 1525
 2025-03-27 18:44:45 - 消息发送到分区 0 偏移量 1526
 2025-03-27 18:44:46 - 消息发送到分区 0 偏移量 1527
 2025-03-27 18:44:47 - 消息发送到分区 0 偏移量 1528
 2025-03-27 18:44:48 - 消息发送到分区 0 偏移量 1529
 2025-03-27 18:44:49 - 消息发送到分区 0 偏移量 1530
 2025-03-27 18:44:50 - 消息发送到分区 0 偏移量 1531
 2025-03-27 18:44:51 - 消息发送到分区 0 偏移量 1532
 2025-03-27 18:44:52 - 消息发送到分区 0 偏移量 1533
 2025-03-27 18:44:53 - 消息发送到分区 0 偏移量 1534
 2025-03-27 18:44:54 - 消息发送到分区 0 偏移量 1535
 2025-03-27 18:44:55 - 消息发送到分区 0 偏移量 1536
 2025-03-27 18:44:56 - 消息发送到分区 0 偏移量 1537
 2025-03-27 18:44:57 - 消息发送到分区 0 偏移量 1538
 2025-03-27 18:44:58 - 消息发送到分区 0 偏移量 1539
 2025-03-27 18:44:59 - 消息发送到分区 0 偏移量 1540
 2025-03-27 18:45:00 - 消息发送到分区 0 偏移量 1541
 2025-03-27 18:45:01 - 消息发送到分区 0 偏移量 1542
 2025-03-27 18:45:02 - 消息发送到分区 0 偏移量 1543
 2025-03-27 18:45:03 - 消息发送到分区 0 偏移量 1544
 2025-03-27 18:45:04 - 消息发送到分区 0 偏移量 1545
 2025-03-27 18:45:05 - 消息发送到分区 0 偏移量 1546
 2025-03-27 18:45:06 - 消息发送到分区 0 偏移量 1547
 2025-03-27 18:45:07 - 消息发送到分区 0 偏移量 1548
 2025-03-27 18:45:08 - 消息发送到分区 0 偏移量 1549
 2025-03-27 18:45:09 - 消息发送到分区 0 偏移量 1550
 2025-03-27 18:45:10 - 消息发送到分区 0 偏移量 1551
 2025-03-27 18:45:11 - 消息发送到分区 0 偏移量 1552
 2025-03-27 18:45:12 - 消息发送到分区 0 偏移量 1553
 2025-03-27 18:45:13 - 消息发送到分区 0 偏移量 1554
 2025-03-27 18:45:14 - 消息发送到分区 0 偏移量 1555
 2025-03-27 18:45:15 - 消息发送到分区 0 偏移量 1556
 2025-03-27 18:45:16 - 消息发送到分区 0 偏移量 1557
 2025-03-27 18:45:17 - 消息发送到分区 0 偏移量 1558
 2025-03-27 18:45:18 - 消息发送到分区 0 偏移量 1559
 2025-03-27 18:45:19 - 消息发送到分区 0 偏移量 1560
 2025-03-27 18:45:20 - 消息发送到分区 0 偏移量 1561
 2025-03-27 18:45:21 - 消息发送到分区 0 偏移量 1562
 2025-03-27 18:45:22 - 消息发送到分区 0 偏移量 1563
 2025-03-27 18:45:23 - 消息发送到分区 0 偏移量 1564
 2025-03-27 18:45:24 - 消息发送到分区 0 偏移量 1565
 2025-03-27 18:45:25 - 消息发送到分区 0 偏移量 1566
 2025-03-27 18:45:26 - 消息发送到分区 0 偏移量 1567
 2025-03-27 18:45:27 - 消息发送到分区 0 偏移量 1568
 2025-03-27 18:45:28 - 消息发送到分区 0 偏移量 1569
 2025-03-27 18:45:29 - 消息发送到分区 0 偏移量 1570
 2025-03-27 18:45:30 - 消息发送到分区 0 偏移量 1571
 2025-03-27 18:45:31 - 消息发送到分区 0 偏移量 1572
 2025-03-27 18:45:32 - 消息发送到分区 0 偏移量 1573
 2025-03-27 18:45:33 - 消息发送到分区 0 偏移量 1574
 2025-03-27 18:45:34 - 消息发送到分区 0 偏移量 1575
 2025-03-27 18:45:35 - 消息发送到分区 0 偏移量 1576
 2025-03-27 18:45:36 - 消息发送到分区 0 偏移量 1577
 2025-03-27 18:45:37 - 消息发送到分区 0 偏移量 1578
 2025-03-27 18:45:38 - 消息发送到分区 0 偏移量 1579
 2025-03-27 18:45:39 - 消息发送到分区 0 偏移量 1580
 2025-03-27 18:45:40 - 消息发送到分区 0 偏移量 1581
 2025-03-27 18:45:41 - 消息发送到分区 0 偏移量 1582
 2025-03-27 18:45:42 - 消息发送到分区 0 偏移量 1583
 2025-03-27 18:45:43 - 消息发送到分区 0 偏移量 1584
 2025-03-27 18:45:44 - 消息发送到分区 0 偏移量 1585
 2025-03-27 18:45:45 - 消息发送到分区 0 偏移量 1586
 2025-03-27 18:45:46 - 消息发送到分区 0 偏移量 1587
 2025-03-27 18:45:47 - 消息发送到分区 0 偏移量 1588
 2025-03-27 18:45:48 - 消息发送到分区 0 偏移量 1589
 2025-03-27 18:45:49 - 消息发送到分区 0 偏移量 1590
 2025-03-27 18:45:50 - 消息发送到分区 0 偏移量 1591
 2025-03-27 18:45:51 - 消息发送到分区 0 偏移量 1592
 2025-03-27 18:45:52 - 消息发送到分区 0 偏移量 1593
 2025-03-27 18:45:53 - 消息发送到分区 0 偏移量 1594
 2025-03-27 18:45:54 - 消息发送到分区 0 偏移量 1595
 2025-03-27 18:45:55 - 消息发送到分区 0 偏移量 1596
 2025-03-27 18:45:56 - 消息发送到分区 0 偏移量 1597
 2025-03-27 18:45:57 - 消息发送到分区 0 偏移量 1598
 2025-03-27 18:45:58 - 消息发送到分区 0 偏移量 1599
 2025-03-27 18:45:59 - 消息发送到分区 0 偏移量 1600
 2025-03-27 18:46:00 - 消息发送到分区 0 偏移量 1601
 2025-03-27 18:46:01 - 消息发送到分区 0 偏移量 1602
 2025-03-27 18:46:02 - 消息发送到分区 0 偏移量 1603
 2025-03-27 18:46:03 - 消息发送到分区 0 偏移量 1604
 2025-03-27 18:46:04 - 消息发送到分区 0 偏移量 1605
 2025-03-27 18:46:05 - 消息发送到分区 0 偏移量 1606
 2025-03-27 18:46:06 - 消息发送到分区 0 偏移量 1607
 2025-03-27 18:46:07 - 消息发送到分区 0 偏移量 1608
 2025-03-27 18:46:08 - 消息发送到分区 0 偏移量 1609
 2025-03-27 18:46:09 - 消息发送到分区 0 偏移量 1610
 2025-03-27 18:46:10 - 消息发送到分区 0 偏移量 1611
 2025-03-27 18:46:11 - 消息发送到分区 0 偏移量 1612
 2025-03-27 18:46:12 - 消息发送到分区 0 偏移量 1613
 2025-03-27 18:46:13 - 消息发送到分区 0 偏移量 1614
 2025-03-27 18:46:14 - 消息发送到分区 0 偏移量 1615
 2025-03-27 18:46:15 - 消息发送到分区 0 偏移量 1616
 2025-03-27 18:46:16 - 消息发送到分区 0 偏移量 1617
 2025-03-27 18:46:17 - 消息发送到分区 0 偏移量 1618
 2025-03-27 18:46:18 - 消息发送到分区 0 偏移量 1619
 2025-03-27 18:46:19 - 消息发送到分区 0 偏移量 1620
 2025-03-27 18:46:20 - 消息发送到分区 0 偏移量 1621
 2025-03-27 18:46:21 - 消息发送到分区 0 偏移量 1622
 2025-03-27 18:46:22 - 消息发送到分区 0 偏移量 1623
 2025-03-27 18:46:23 - 消息发送到分区 0 偏移量 1624
 2025-03-27 18:46:24 - 消息发送到分区 0 偏移量 1625
 2025-03-27 18:46:25 - 消息发送到分区 0 偏移量 1626
 2025-03-27 18:46:26 - 消息发送到分区 0 偏移量 1627
 2025-03-27 18:46:27 - 消息发送到分区 0 偏移量 1628
 2025-03-27 18:46:28 - 消息发送到分区 0 偏移量 1629
 2025-03-27 18:46:29 - 消息发送到分区 0 偏移量 1630
 2025-03-27 18:46:30 - 消息发送到分区 0 偏移量 1631
 2025-03-27 18:46:31 - 消息发送到分区 0 偏移量 1632
 2025-03-27 18:46:32 - 消息发送到分区 0 偏移量 1633
 2025-03-27 18:46:33 - 消息发送到分区 0 偏移量 1634
 2025-03-27 18:46:34 - 消息发送到分区 0 偏移量 1635
 2025-03-27 18:46:35 - 消息发送到分区 0 偏移量 1636
 2025-03-27 18:46:36 - 消息发送到分区 0 偏移量 1637
 2025-03-27 18:46:37 - 消息发送到分区 0 偏移量 1638
 2025-03-27 18:46:38 - 消息发送到分区 0 偏移量 1639
 2025-03-27 18:46:39 - 消息发送到分区 0 偏移量 1640
 2025-03-27 18:46:40 - 消息发送到分区 0 偏移量 1641
 2025-03-27 18:46:41 - 消息发送到分区 0 偏移量 1642
 2025-03-27 18:46:42 - 消息发送到分区 0 偏移量 1643
 2025-03-27 18:46:43 - 消息发送到分区 0 偏移量 1644
 2025-03-27 18:46:44 - 消息发送到分区 0 偏移量 1645
 2025-03-27 18:46:45 - 消息发送到分区 0 偏移量 1646
 2025-03-27 18:46:46 - 消息发送到分区 0 偏移量 1647
 2025-03-27 18:46:47 - 消息发送到分区 0 偏移量 1648
 2025-03-27 18:46:48 - 消息发送到分区 0 偏移量 1649
 2025-03-27 18:46:49 - 消息发送到分区 0 偏移量 1650
 2025-03-27 18:46:50 - 消息发送到分区 0 偏移量 1651
 2025-03-27 18:46:51 - 消息发送到分区 0 偏移量 1652
 2025-03-27 18:46:52 - 消息发送到分区 0 偏移量 1653
 2025-03-27 18:46:53 - 消息发送到分区 0 偏移量 1654
 2025-03-27 18:46:54 - 消息发送到分区 0 偏移量 1655
 2025-03-27 18:46:55 - 消息发送到分区 0 偏移量 1656
 2025-03-27 18:46:56 - 消息发送到分区 0 偏移量 1657
 2025-03-27 18:46:57 - 消息发送到分区 0 偏移量 1658
 2025-03-27 18:46:58 - 消息发送到分区 0 偏移量 1659
 2025-03-27 18:46:59 - 消息发送到分区 0 偏移量 1660
 2025-03-27 18:47:00 - 消息发送到分区 0 偏移量 1661
 2025-03-27 18:47:01 - 消息发送到分区 0 偏移量 1662
 2025-03-27 18:47:02 - 消息发送到分区 0 偏移量 1663
 2025-03-27 18:47:03 - 消息发送到分区 0 偏移量 1664
 2025-03-27 18:47:04 - 消息发送到分区 0 偏移量 1665
 2025-03-27 18:47:05 - 消息发送到分区 0 偏移量 1666
 2025-03-27 18:47:06 - 消息发送到分区 0 偏移量 1667
 2025-03-27 18:47:07 - 消息发送到分区 0 偏移量 1668
 2025-03-27 18:47:08 - 消息发送到分区 0 偏移量 1669
 2025-03-27 18:47:09 - 消息发送到分区 0 偏移量 1670
 2025-03-27 18:47:10 - 消息发送到分区 0 偏移量 1671
 2025-03-27 18:47:11 - 消息发送到分区 0 偏移量 1672
 2025-03-27 18:47:12 - 消息发送到分区 0 偏移量 1673
 2025-03-27 18:47:13 - 消息发送到分区 0 偏移量 1674
 2025-03-27 18:47:14 - 消息发送到分区 0 偏移量 1675
 2025-03-27 18:47:15 - 消息发送到分区 0 偏移量 1676
 2025-03-27 18:47:16 - 消息发送到分区 0 偏移量 1677
 2025-03-27 18:47:17 - 消息发送到分区 0 偏移量 1678
 2025-03-27 18:47:18 - 消息发送到分区 0 偏移量 1679
 2025-03-27 18:47:19 - 消息发送到分区 0 偏移量 1680
 2025-03-27 18:47:20 - 消息发送到分区 0 偏移量 1681
 2025-03-27 18:47:21 - 消息发送到分区 0 偏移量 1682
 2025-03-27 18:47:22 - 消息发送到分区 0 偏移量 1683
 2025-03-27 18:47:23 - 消息发送到分区 0 偏移量 1684
 2025-03-27 18:47:24 - 消息发送到分区 0 偏移量 1685
 2025-03-27 18:47:25 - 消息发送到分区 0 偏移量 1686
 2025-03-27 18:47:26 - 消息发送到分区 0 偏移量 1687
 2025-03-27 18:47:27 - 消息发送到分区 0 偏移量 1688
 2025-03-27 18:47:28 - 消息发送到分区 0 偏移量 1689
 2025-03-27 18:47:29 - 消息发送到分区 0 偏移量 1690
 2025-03-27 18:47:30 - 消息发送到分区 0 偏移量 1691
 2025-03-27 18:47:31 - 消息发送到分区 0 偏移量 1692
 2025-03-27 18:47:32 - 消息发送到分区 0 偏移量 1693
 2025-03-27 18:47:33 - 消息发送到分区 0 偏移量 1694
 2025-03-27 18:47:34 - 消息发送到分区 0 偏移量 1695
 2025-03-27 18:47:35 - 消息发送到分区 0 偏移量 1696
 2025-03-27 18:47:36 - 消息发送到分区 0 偏移量 1697
 2025-03-27 18:47:37 - 消息发送到分区 0 偏移量 1698
 2025-03-27 18:47:38 - 消息发送到分区 0 偏移量 1699
 2025-03-27 18:47:39 - 消息发送到分区 0 偏移量 1700
 2025-03-27 18:47:40 - 消息发送到分区 0 偏移量 1701
 2025-03-27 18:47:41 - 消息发送到分区 0 偏移量 1702
 2025-03-27 18:47:42 - 消息发送到分区 0 偏移量 1703
 2025-03-27 18:47:43 - 消息发送到分区 0 偏移量 1704
 2025-03-27 18:47:44 - 消息发送到分区 0 偏移量 1705
 2025-03-27 18:47:45 - 消息发送到分区 0 偏移量 1706
 2025-03-27 18:47:46 - 消息发送到分区 0 偏移量 1707
 2025-03-27 18:47:47 - 消息发送到分区 0 偏移量 1708
 2025-03-27 18:47:48 - 消息发送到分区 0 偏移量 1709
 2025-03-27 18:47:49 - 消息发送到分区 0 偏移量 1710
 2025-03-27 18:47:50 - 消息发送到分区 0 偏移量 1711
 2025-03-27 18:47:51 - 消息发送到分区 0 偏移量 1712
 2025-03-27 18:47:52 - 消息发送到分区 0 偏移量 1713
 2025-03-27 18:47:53 - 消息发送到分区 0 偏移量 1714
 2025-03-27 18:47:54 - 消息发送到分区 0 偏移量 1715
 2025-03-27 18:47:55 - 消息发送到分区 0 偏移量 1716
 2025-03-27 18:47:56 - 消息发送到分区 0 偏移量 1717
 2025-03-27 18:47:57 - 消息发送到分区 0 偏移量 1718
 2025-03-27 18:47:58 - 消息发送到分区 0 偏移量 1719
 2025-03-27 18:47:59 - 消息发送到分区 0 偏移量 1720
 2025-03-27 18:48:00 - 消息发送到分区 0 偏移量 1721
 2025-03-27 18:48:01 - 消息发送到分区 0 偏移量 1722
 2025-03-27 18:48:02 - 消息发送到分区 0 偏移量 1723
 2025-03-27 18:48:03 - 消息发送到分区 0 偏移量 1724
 2025-03-27 18:48:04 - 消息发送到分区 0 偏移量 1725
 2025-03-27 18:48:05 - 消息发送到分区 0 偏移量 1726
 2025-03-27 18:48:06 - 消息发送到分区 0 偏移量 1727
 2025-03-27 18:48:07 - 消息发送到分区 0 偏移量 1728
 2025-03-27 18:48:08 - 消息发送到分区 0 偏移量 1729
 2025-03-27 18:48:09 - 消息发送到分区 0 偏移量 1730
 2025-03-27 18:48:10 - 消息发送到分区 0 偏移量 1731
 2025-03-27 18:48:11 - 消息发送到分区 0 偏移量 1732
 2025-03-27 18:48:12 - 消息发送到分区 0 偏移量 1733
 2025-03-27 18:48:13 - 消息发送到分区 0 偏移量 1734
 2025-03-27 18:48:14 - 消息发送到分区 0 偏移量 1735
 2025-03-27 18:48:15 - 消息发送到分区 0 偏移量 1736
 2025-03-27 18:48:16 - 消息发送到分区 0 偏移量 1737
 2025-03-27 18:48:17 - 消息发送到分区 0 偏移量 1738
 2025-03-27 18:48:18 - 消息发送到分区 0 偏移量 1739
 2025-03-27 18:48:19 - 消息发送到分区 0 偏移量 1740
 2025-03-27 18:48:20 - 消息发送到分区 0 偏移量 1741
 2025-03-27 18:48:21 - 消息发送到分区 0 偏移量 1742
 2025-03-27 18:48:22 - 消息发送到分区 0 偏移量 1743
 2025-03-27 18:48:23 - 消息发送到分区 0 偏移量 1744
 2025-03-27 18:48:24 - 消息发送到分区 0 偏移量 1745
 2025-03-27 18:48:25 - 消息发送到分区 0 偏移量 1746
 2025-03-27 18:48:26 - 消息发送到分区 0 偏移量 1747
 2025-03-27 18:48:27 - 消息发送到分区 0 偏移量 1748
 2025-03-27 18:48:28 - 消息发送到分区 0 偏移量 1749
 2025-03-27 18:48:29 - 消息发送到分区 0 偏移量 1750
 2025-03-27 18:48:30 - 消息发送到分区 0 偏移量 1751
 2025-03-27 18:48:31 - 消息发送到分区 0 偏移量 1752
 2025-03-27 18:48:32 - 消息发送到分区 0 偏移量 1753
 2025-03-27 18:48:33 - 消息发送到分区 0 偏移量 1754
 2025-03-27 18:48:34 - 消息发送到分区 0 偏移量 1755
 2025-03-27 18:48:35 - 消息发送到分区 0 偏移量 1756
 2025-03-27 18:48:36 - [Producer clientId=producer-1] Node -1 disconnected.
 2025-03-27 18:48:36 - 消息发送到分区 0 偏移量 1757
 2025-03-27 18:48:37 - 消息发送到分区 0 偏移量 1758
 2025-03-27 18:48:38 - 消息发送到分区 0 偏移量 1759
 2025-03-27 18:48:39 - 消息发送到分区 0 偏移量 1760
 2025-03-27 18:48:40 - 消息发送到分区 0 偏移量 1761
 2025-03-27 18:48:41 - 消息发送到分区 0 偏移量 1762
 2025-03-27 18:48:42 - 消息发送到分区 0 偏移量 1763
 2025-03-27 18:48:43 - 消息发送到分区 0 偏移量 1764
 2025-03-27 18:48:44 - 消息发送到分区 0 偏移量 1765
 2025-03-27 18:48:45 - 消息发送到分区 0 偏移量 1766
 2025-03-27 18:48:46 - 消息发送到分区 0 偏移量 1767
 2025-03-27 18:48:47 - 消息发送到分区 0 偏移量 1768
 2025-03-27 18:48:48 - 消息发送到分区 0 偏移量 1769
 2025-03-27 18:48:49 - 消息发送到分区 0 偏移量 1770
 2025-03-27 18:48:50 - 消息发送到分区 0 偏移量 1771
 2025-03-27 18:48:51 - 消息发送到分区 0 偏移量 1772
 2025-03-27 18:48:52 - 消息发送到分区 0 偏移量 1773
 2025-03-27 18:48:53 - 消息发送到分区 0 偏移量 1774
 2025-03-27 18:48:54 - 消息发送到分区 0 偏移量 1775
 2025-03-27 18:48:55 - 消息发送到分区 0 偏移量 1776
 2025-03-27 18:48:56 - 消息发送到分区 0 偏移量 1777
 2025-03-27 18:48:57 - 消息发送到分区 0 偏移量 1778
 2025-03-27 18:48:58 - 消息发送到分区 0 偏移量 1779
 2025-03-27 18:48:59 - 消息发送到分区 0 偏移量 1780
 2025-03-27 18:49:00 - 消息发送到分区 0 偏移量 1781
 2025-03-27 18:49:01 - 消息发送到分区 0 偏移量 1782
 2025-03-27 18:49:02 - 消息发送到分区 0 偏移量 1783
 2025-03-27 18:49:03 - 消息发送到分区 0 偏移量 1784
 2025-03-27 18:49:04 - 消息发送到分区 0 偏移量 1785
 2025-03-27 18:49:05 - 消息发送到分区 0 偏移量 1786
 2025-03-27 18:49:06 - 消息发送到分区 0 偏移量 1787
 2025-03-27 18:49:07 - 消息发送到分区 0 偏移量 1788
 2025-03-27 18:49:08 - 消息发送到分区 0 偏移量 1789
 2025-03-27 18:49:09 - 消息发送到分区 0 偏移量 1790
 2025-03-27 18:49:10 - 消息发送到分区 0 偏移量 1791
 2025-03-27 18:49:11 - 消息发送到分区 0 偏移量 1792
 2025-03-27 18:49:12 - 消息发送到分区 0 偏移量 1793
 2025-03-27 18:49:13 - 消息发送到分区 0 偏移量 1794
 2025-03-27 18:49:14 - 消息发送到分区 0 偏移量 1795
 2025-03-27 18:49:15 - 消息发送到分区 0 偏移量 1796
 2025-03-27 18:49:16 - 消息发送到分区 0 偏移量 1797
 2025-03-27 18:49:17 - 消息发送到分区 0 偏移量 1798
 2025-03-27 18:49:18 - 消息发送到分区 0 偏移量 1799
 2025-03-27 18:49:19 - 消息发送到分区 0 偏移量 1800
 2025-03-27 18:49:20 - 消息发送到分区 0 偏移量 1801
 2025-03-27 18:49:21 - 消息发送到分区 0 偏移量 1802
 2025-03-27 18:49:22 - 消息发送到分区 0 偏移量 1803
 2025-03-27 18:49:23 - 消息发送到分区 0 偏移量 1804
 2025-03-27 18:49:24 - 消息发送到分区 0 偏移量 1805
 2025-03-27 18:49:25 - 消息发送到分区 0 偏移量 1806
 2025-03-27 18:49:26 - 消息发送到分区 0 偏移量 1807
 2025-03-27 18:49:27 - 消息发送到分区 0 偏移量 1808
 2025-03-27 18:49:28 - 消息发送到分区 0 偏移量 1809
 2025-03-27 18:49:29 - 消息发送到分区 0 偏移量 1810
 2025-03-27 18:49:30 - 消息发送到分区 0 偏移量 1811
 2025-03-27 18:49:31 - 消息发送到分区 0 偏移量 1812
 2025-03-27 18:49:32 - 消息发送到分区 0 偏移量 1813
 2025-03-27 18:49:33 - 消息发送到分区 0 偏移量 1814
 2025-03-27 18:49:34 - 消息发送到分区 0 偏移量 1815
 2025-03-27 18:49:35 - 消息发送到分区 0 偏移量 1816
 2025-03-27 18:49:36 - 消息发送到分区 0 偏移量 1817
 2025-03-27 18:49:37 - 消息发送到分区 0 偏移量 1818
 2025-03-27 18:49:38 - 消息发送到分区 0 偏移量 1819
 2025-03-27 18:49:39 - 消息发送到分区 0 偏移量 1820
 2025-03-27 18:49:40 - 消息发送到分区 0 偏移量 1821
 2025-03-27 18:49:41 - 消息发送到分区 0 偏移量 1822
 2025-03-27 18:49:42 - 消息发送到分区 0 偏移量 1823
 2025-03-27 18:49:43 - 消息发送到分区 0 偏移量 1824
 2025-03-27 18:49:44 - 消息发送到分区 0 偏移量 1825
 2025-03-27 18:49:45 - 消息发送到分区 0 偏移量 1826
 2025-03-27 18:49:46 - 消息发送到分区 0 偏移量 1827
 2025-03-27 18:49:47 - 消息发送到分区 0 偏移量 1828
 2025-03-27 18:49:48 - 消息发送到分区 0 偏移量 1829
 2025-03-27 18:49:49 - 消息发送到分区 0 偏移量 1830
 2025-03-27 18:49:50 - 消息发送到分区 0 偏移量 1831
 2025-03-27 18:49:51 - 消息发送到分区 0 偏移量 1832
 2025-03-27 18:49:52 - 消息发送到分区 0 偏移量 1833
 2025-03-27 18:49:53 - 消息发送到分区 0 偏移量 1834
 2025-03-27 18:49:54 - 消息发送到分区 0 偏移量 1835
 2025-03-27 18:49:55 - 消息发送到分区 0 偏移量 1836
 2025-03-27 18:49:56 - 消息发送到分区 0 偏移量 1837
 2025-03-27 18:49:57 - 消息发送到分区 0 偏移量 1838
 2025-03-27 18:49:58 - 消息发送到分区 0 偏移量 1839
 2025-03-27 18:49:59 - 消息发送到分区 0 偏移量 1840
 2025-03-27 18:50:00 - 消息发送到分区 0 偏移量 1841
 2025-03-27 18:50:01 - 消息发送到分区 0 偏移量 1842
 2025-03-27 18:50:02 - 消息发送到分区 0 偏移量 1843
 2025-03-27 18:50:03 - 消息发送到分区 0 偏移量 1844
 2025-03-27 18:50:04 - 消息发送到分区 0 偏移量 1845
 2025-03-27 18:50:05 - 消息发送到分区 0 偏移量 1846
 2025-03-27 18:50:06 - 消息发送到分区 0 偏移量 1847
 2025-03-27 18:50:07 - 消息发送到分区 0 偏移量 1848
 2025-03-27 18:50:08 - 消息发送到分区 0 偏移量 1849
 2025-03-27 18:50:09 - 消息发送到分区 0 偏移量 1850
 2025-03-27 18:50:10 - 消息发送到分区 0 偏移量 1851
 2025-03-27 18:50:11 - 消息发送到分区 0 偏移量 1852
 2025-03-27 18:50:12 - 消息发送到分区 0 偏移量 1853
 2025-03-27 18:50:13 - 消息发送到分区 0 偏移量 1854
 2025-03-27 18:50:14 - 消息发送到分区 0 偏移量 1855
 2025-03-27 18:50:15 - 消息发送到分区 0 偏移量 1856
 2025-03-27 18:50:16 - 消息发送到分区 0 偏移量 1857
 2025-03-27 18:50:17 - 消息发送到分区 0 偏移量 1858
 2025-03-27 18:50:18 - 消息发送到分区 0 偏移量 1859
 2025-03-27 18:50:19 - 消息发送到分区 0 偏移量 1860
 2025-03-27 18:50:20 - 消息发送到分区 0 偏移量 1861
 2025-03-27 18:50:21 - 消息发送到分区 0 偏移量 1862
 2025-03-27 18:50:22 - 消息发送到分区 0 偏移量 1863
 2025-03-27 18:50:23 - 消息发送到分区 0 偏移量 1864
 2025-03-27 18:50:24 - 消息发送到分区 0 偏移量 1865
 2025-03-27 18:50:25 - 消息发送到分区 0 偏移量 1866
 2025-03-27 18:50:26 - 消息发送到分区 0 偏移量 1867
 2025-03-27 18:50:27 - 消息发送到分区 0 偏移量 1868
 2025-03-27 18:50:28 - 消息发送到分区 0 偏移量 1869
 2025-03-27 18:50:29 - 消息发送到分区 0 偏移量 1870
 2025-03-27 18:50:30 - 消息发送到分区 0 偏移量 1871
 2025-03-27 18:50:31 - 消息发送到分区 0 偏移量 1872
 2025-03-27 18:50:32 - 消息发送到分区 0 偏移量 1873
 2025-03-27 18:50:33 - 消息发送到分区 0 偏移量 1874
 2025-03-27 18:50:34 - 消息发送到分区 0 偏移量 1875
 2025-03-27 18:50:35 - 消息发送到分区 0 偏移量 1876
 2025-03-27 18:50:36 - 消息发送到分区 0 偏移量 1877
 2025-03-27 18:50:37 - 消息发送到分区 0 偏移量 1878
 2025-03-27 18:50:38 - 消息发送到分区 0 偏移量 1879
 2025-03-27 18:50:39 - 消息发送到分区 0 偏移量 1880
 2025-03-27 18:50:40 - 消息发送到分区 0 偏移量 1881
 2025-03-27 18:50:41 - 消息发送到分区 0 偏移量 1882
 2025-03-27 18:50:42 - 消息发送到分区 0 偏移量 1883
 2025-03-27 18:50:43 - 消息发送到分区 0 偏移量 1884
 2025-03-27 18:50:44 - 消息发送到分区 0 偏移量 1885
 2025-03-27 18:50:45 - 消息发送到分区 0 偏移量 1886
 2025-03-27 18:50:46 - 消息发送到分区 0 偏移量 1887
 2025-03-27 18:50:47 - 消息发送到分区 0 偏移量 1888
 2025-03-27 18:50:48 - 消息发送到分区 0 偏移量 1889
 2025-03-27 18:50:49 - 消息发送到分区 0 偏移量 1890
 2025-03-27 18:50:50 - 消息发送到分区 0 偏移量 1891
 2025-03-27 18:50:51 - 消息发送到分区 0 偏移量 1892
 2025-03-27 18:50:52 - 消息发送到分区 0 偏移量 1893
 2025-03-27 18:50:53 - 消息发送到分区 0 偏移量 1894
 2025-03-27 18:50:54 - 消息发送到分区 0 偏移量 1895
 2025-03-27 18:50:55 - 消息发送到分区 0 偏移量 1896
 2025-03-27 18:50:56 - 消息发送到分区 0 偏移量 1897
 2025-03-27 18:50:57 - 消息发送到分区 0 偏移量 1898
 2025-03-27 18:50:58 - 消息发送到分区 0 偏移量 1899
 2025-03-27 18:50:59 - 消息发送到分区 0 偏移量 1900
 2025-03-27 18:51:00 - 消息发送到分区 0 偏移量 1901
 2025-03-27 18:51:01 - 消息发送到分区 0 偏移量 1902
 2025-03-27 18:51:02 - 消息发送到分区 0 偏移量 1903
 2025-03-27 18:51:03 - 消息发送到分区 0 偏移量 1904
 2025-03-27 18:51:04 - 消息发送到分区 0 偏移量 1905
 2025-03-27 18:51:05 - 消息发送到分区 0 偏移量 1906
 2025-03-27 18:51:06 - 消息发送到分区 0 偏移量 1907
 2025-03-27 18:51:07 - 消息发送到分区 0 偏移量 1908
 2025-03-27 18:51:08 - 消息发送到分区 0 偏移量 1909
 2025-03-27 18:51:09 - 消息发送到分区 0 偏移量 1910
 2025-03-27 18:51:10 - 消息发送到分区 0 偏移量 1911
 2025-03-27 18:51:11 - 消息发送到分区 0 偏移量 1912
 2025-03-27 18:51:12 - 消息发送到分区 0 偏移量 1913
 2025-03-27 18:51:13 - 消息发送到分区 0 偏移量 1914
 2025-03-27 18:51:14 - 消息发送到分区 0 偏移量 1915
 2025-03-27 18:51:15 - 消息发送到分区 0 偏移量 1916
 2025-03-27 18:51:16 - 消息发送到分区 0 偏移量 1917
 2025-03-27 18:51:17 - 消息发送到分区 0 偏移量 1918
 2025-03-27 18:51:18 - 消息发送到分区 0 偏移量 1919
 2025-03-27 18:51:19 - 消息发送到分区 0 偏移量 1920
 2025-03-27 18:51:20 - 消息发送到分区 0 偏移量 1921
 2025-03-27 18:51:21 - 消息发送到分区 0 偏移量 1922
 2025-03-27 18:51:22 - 消息发送到分区 0 偏移量 1923
 2025-03-27 18:51:23 - 消息发送到分区 0 偏移量 1924
 2025-03-27 18:51:24 - 消息发送到分区 0 偏移量 1925
 2025-03-27 18:51:25 - 消息发送到分区 0 偏移量 1926
 2025-03-27 18:51:26 - 消息发送到分区 0 偏移量 1927
 2025-03-27 18:51:27 - 消息发送到分区 0 偏移量 1928
 2025-03-27 18:51:28 - 消息发送到分区 0 偏移量 1929
 2025-03-27 18:51:29 - 消息发送到分区 0 偏移量 1930
 2025-03-27 18:51:30 - 消息发送到分区 0 偏移量 1931
 2025-03-27 18:51:31 - 消息发送到分区 0 偏移量 1932
 2025-03-27 18:51:32 - 消息发送到分区 0 偏移量 1933
 2025-03-27 18:51:33 - 消息发送到分区 0 偏移量 1934
 2025-03-27 18:51:34 - 消息发送到分区 0 偏移量 1935
 2025-03-27 18:51:35 - 消息发送到分区 0 偏移量 1936
 2025-03-27 18:51:36 - 消息发送到分区 0 偏移量 1937
 2025-03-27 18:51:37 - 消息发送到分区 0 偏移量 1938
 2025-03-27 18:51:38 - 消息发送到分区 0 偏移量 1939
 2025-03-27 18:51:39 - 消息发送到分区 0 偏移量 1940
 2025-03-27 18:51:40 - 消息发送到分区 0 偏移量 1941
 2025-03-27 18:51:41 - 消息发送到分区 0 偏移量 1942
 2025-03-27 18:51:42 - 消息发送到分区 0 偏移量 1943
 2025-03-27 18:51:43 - 消息发送到分区 0 偏移量 1944
 2025-03-27 18:51:44 - 消息发送到分区 0 偏移量 1945
 2025-03-27 18:51:45 - 消息发送到分区 0 偏移量 1946
 2025-03-27 18:51:46 - 消息发送到分区 0 偏移量 1947
 2025-03-27 18:51:47 - 消息发送到分区 0 偏移量 1948
 2025-03-27 18:51:48 - 消息发送到分区 0 偏移量 1949
 2025-03-27 18:51:49 - 消息发送到分区 0 偏移量 1950
 2025-03-27 18:51:50 - 消息发送到分区 0 偏移量 1951
 2025-03-27 18:51:51 - 消息发送到分区 0 偏移量 1952
 2025-03-27 18:51:52 - 消息发送到分区 0 偏移量 1953
 2025-03-27 18:51:53 - 消息发送到分区 0 偏移量 1954
 2025-03-27 18:51:54 - 消息发送到分区 0 偏移量 1955
 2025-03-27 18:51:55 - 消息发送到分区 0 偏移量 1956
 2025-03-27 18:51:56 - 消息发送到分区 0 偏移量 1957
 2025-03-27 18:51:57 - 消息发送到分区 0 偏移量 1958
 2025-03-27 18:51:58 - 消息发送到分区 0 偏移量 1959
 2025-03-27 18:51:59 - 消息发送到分区 0 偏移量 1960
 2025-03-27 18:52:00 - 消息发送到分区 0 偏移量 1961
 2025-03-27 18:52:01 - 消息发送到分区 0 偏移量 1962
 2025-03-27 18:52:02 - 消息发送到分区 0 偏移量 1963
 2025-03-27 18:52:03 - 消息发送到分区 0 偏移量 1964
 2025-03-27 18:52:04 - 消息发送到分区 0 偏移量 1965
 2025-03-27 18:52:05 - 消息发送到分区 0 偏移量 1966
 2025-03-27 18:52:06 - 消息发送到分区 0 偏移量 1967
 2025-03-27 18:52:07 - 消息发送到分区 0 偏移量 1968
 2025-03-27 18:52:08 - 消息发送到分区 0 偏移量 1969
 2025-03-27 18:52:09 - 消息发送到分区 0 偏移量 1970
 2025-03-27 18:52:10 - 消息发送到分区 0 偏移量 1971
 2025-03-27 18:52:11 - 消息发送到分区 0 偏移量 1972
 2025-03-27 18:52:12 - 消息发送到分区 0 偏移量 1973
 2025-03-27 18:52:13 - 消息发送到分区 0 偏移量 1974
 2025-03-27 18:52:14 - 消息发送到分区 0 偏移量 1975
 2025-03-27 18:52:15 - 消息发送到分区 0 偏移量 1976
 2025-03-27 18:52:16 - 消息发送到分区 0 偏移量 1977
 2025-03-27 18:52:17 - 消息发送到分区 0 偏移量 1978
 2025-03-27 18:52:18 - 消息发送到分区 0 偏移量 1979
 2025-03-27 18:52:19 - 消息发送到分区 0 偏移量 1980
 2025-03-27 18:52:20 - 消息发送到分区 0 偏移量 1981
 2025-03-27 18:52:21 - 消息发送到分区 0 偏移量 1982
 2025-03-27 18:52:22 - 消息发送到分区 0 偏移量 1983
 2025-03-27 18:52:23 - 消息发送到分区 0 偏移量 1984
 2025-03-27 18:52:24 - 消息发送到分区 0 偏移量 1985
 2025-03-27 18:52:25 - 消息发送到分区 0 偏移量 1986
 2025-03-27 18:52:26 - 消息发送到分区 0 偏移量 1987
 2025-03-27 18:52:27 - 消息发送到分区 0 偏移量 1988
 2025-03-27 18:52:28 - 消息发送到分区 0 偏移量 1989
 2025-03-27 18:52:29 - 消息发送到分区 0 偏移量 1990
 2025-03-27 18:52:30 - 消息发送到分区 0 偏移量 1991
 2025-03-27 18:52:31 - 消息发送到分区 0 偏移量 1992
 2025-03-27 18:52:32 - 消息发送到分区 0 偏移量 1993
 2025-03-27 18:52:33 - 消息发送到分区 0 偏移量 1994
 2025-03-27 18:52:34 - 消息发送到分区 0 偏移量 1995
 2025-03-27 18:52:35 - 消息发送到分区 0 偏移量 1996
 2025-03-27 18:52:36 - 消息发送到分区 0 偏移量 1997
 2025-03-27 18:52:37 - 消息发送到分区 0 偏移量 1998
 2025-03-27 18:52:38 - 消息发送到分区 0 偏移量 1999
 2025-03-27 18:52:39 - 消息发送到分区 0 偏移量 2000
 2025-03-27 18:52:40 - 消息发送到分区 0 偏移量 2001
 2025-03-27 18:52:41 - 消息发送到分区 0 偏移量 2002
 2025-03-27 18:52:42 - 消息发送到分区 0 偏移量 2003
 2025-03-27 18:52:43 - 消息发送到分区 0 偏移量 2004
 2025-03-27 18:52:44 - 消息发送到分区 0 偏移量 2005
 2025-03-27 18:52:45 - 消息发送到分区 0 偏移量 2006
 2025-03-27 18:52:46 - 消息发送到分区 0 偏移量 2007
 2025-03-27 18:52:47 - 消息发送到分区 0 偏移量 2008
 2025-03-27 18:52:48 - 消息发送到分区 0 偏移量 2009
 2025-03-27 18:52:49 - 消息发送到分区 0 偏移量 2010
 2025-03-27 18:52:50 - 消息发送到分区 0 偏移量 2011
 2025-03-27 18:52:51 - 消息发送到分区 0 偏移量 2012
 2025-03-27 18:52:52 - 消息发送到分区 0 偏移量 2013
 2025-03-27 18:52:53 - 消息发送到分区 0 偏移量 2014
 2025-03-27 18:52:54 - 消息发送到分区 0 偏移量 2015
 2025-03-27 18:52:55 - 消息发送到分区 0 偏移量 2016
 2025-03-27 18:52:56 - 消息发送到分区 0 偏移量 2017
 2025-03-27 18:52:57 - 消息发送到分区 0 偏移量 2018
 2025-03-27 18:52:58 - 消息发送到分区 0 偏移量 2019
 2025-03-27 18:52:59 - 消息发送到分区 0 偏移量 2020
 2025-03-27 18:53:00 - 消息发送到分区 0 偏移量 2021
 2025-03-27 18:53:01 - 消息发送到分区 0 偏移量 2022
 2025-03-27 18:53:02 - 消息发送到分区 0 偏移量 2023
 2025-03-27 18:53:03 - 消息发送到分区 0 偏移量 2024
 2025-03-27 18:53:04 - 消息发送到分区 0 偏移量 2025
 2025-03-27 18:53:05 - 消息发送到分区 0 偏移量 2026
 2025-03-27 18:53:06 - 消息发送到分区 0 偏移量 2027
 2025-03-27 18:53:07 - 消息发送到分区 0 偏移量 2028
 2025-03-27 18:53:08 - 消息发送到分区 0 偏移量 2029
 2025-03-27 18:53:09 - 消息发送到分区 0 偏移量 2030
 2025-03-27 18:53:10 - 消息发送到分区 0 偏移量 2031
 2025-03-27 18:53:11 - 消息发送到分区 0 偏移量 2032
 2025-03-27 18:53:12 - 消息发送到分区 0 偏移量 2033
 2025-03-27 18:53:13 - 消息发送到分区 0 偏移量 2034
 2025-03-27 18:53:14 - 消息发送到分区 0 偏移量 2035
 2025-03-27 18:53:15 - 消息发送到分区 0 偏移量 2036
 2025-03-27 18:53:16 - 消息发送到分区 0 偏移量 2037
 2025-03-27 18:53:17 - 消息发送到分区 0 偏移量 2038
 2025-03-27 18:53:18 - 消息发送到分区 0 偏移量 2039
 2025-03-27 18:53:19 - 消息发送到分区 0 偏移量 2040
 2025-03-27 18:53:20 - 消息发送到分区 0 偏移量 2041
 2025-03-27 18:53:21 - 消息发送到分区 0 偏移量 2042
 2025-03-27 18:53:22 - 消息发送到分区 0 偏移量 2043
 2025-03-27 18:53:23 - 消息发送到分区 0 偏移量 2044
 2025-03-27 18:53:24 - 消息发送到分区 0 偏移量 2045
 2025-03-27 18:53:25 - 消息发送到分区 0 偏移量 2046
 2025-03-27 18:53:26 - 消息发送到分区 0 偏移量 2047
 2025-03-27 18:53:27 - 消息发送到分区 0 偏移量 2048
 2025-03-27 18:53:28 - 消息发送到分区 0 偏移量 2049
 2025-03-27 18:53:29 - 消息发送到分区 0 偏移量 2050
 2025-03-27 18:53:30 - 消息发送到分区 0 偏移量 2051
 2025-03-27 18:53:31 - 消息发送到分区 0 偏移量 2052
 2025-03-27 18:53:32 - 消息发送到分区 0 偏移量 2053
 2025-03-27 18:53:33 - 消息发送到分区 0 偏移量 2054
 2025-03-27 18:53:34 - 消息发送到分区 0 偏移量 2055
 2025-03-27 18:53:35 - 消息发送到分区 0 偏移量 2056
 2025-03-27 18:53:36 - 消息发送到分区 0 偏移量 2057
 2025-03-27 18:53:37 - 消息发送到分区 0 偏移量 2058
 2025-03-27 18:53:38 - 消息发送到分区 0 偏移量 2059
 2025-03-27 18:53:39 - 消息发送到分区 0 偏移量 2060
 2025-03-27 18:53:40 - 消息发送到分区 0 偏移量 2061
 2025-03-27 18:53:41 - 消息发送到分区 0 偏移量 2062
 2025-03-27 18:53:42 - 消息发送到分区 0 偏移量 2063
 2025-03-27 18:53:43 - 消息发送到分区 0 偏移量 2064
 2025-03-27 18:53:44 - 消息发送到分区 0 偏移量 2065
 2025-03-27 18:53:45 - 消息发送到分区 0 偏移量 2066
 2025-03-27 18:53:46 - 消息发送到分区 0 偏移量 2067
 2025-03-27 18:53:47 - 消息发送到分区 0 偏移量 2068
 2025-03-27 18:53:48 - 消息发送到分区 0 偏移量 2069
 2025-03-27 18:53:49 - 消息发送到分区 0 偏移量 2070
 2025-03-27 18:53:50 - 消息发送到分区 0 偏移量 2071
 2025-03-27 18:53:51 - 消息发送到分区 0 偏移量 2072
 2025-03-27 18:53:52 - 消息发送到分区 0 偏移量 2073
 2025-03-27 18:53:53 - 消息发送到分区 0 偏移量 2074
 2025-03-27 18:53:54 - 消息发送到分区 0 偏移量 2075
 2025-03-27 18:53:55 - 消息发送到分区 0 偏移量 2076
 2025-03-27 18:53:56 - 消息发送到分区 0 偏移量 2077
 2025-03-27 18:53:57 - 消息发送到分区 0 偏移量 2078
 2025-03-27 18:53:58 - 消息发送到分区 0 偏移量 2079
 2025-03-27 18:53:59 - 消息发送到分区 0 偏移量 2080
 2025-03-27 18:54:00 - 消息发送到分区 0 偏移量 2081
 2025-03-27 18:54:01 - 消息发送到分区 0 偏移量 2082
 2025-03-27 18:54:02 - 消息发送到分区 0 偏移量 2083
 2025-03-27 18:54:03 - 消息发送到分区 0 偏移量 2084
 2025-03-27 18:54:04 - 关闭应用...
 2025-03-27 18:54:04 - [Producer clientId=producer-1] Closing the Kafka producer with timeoutMillis = 9223372036854775807 ms.
 